Determining if the pthread_create exist failed with the following output:
Change Dir: /home/mingkon/Desktop/colourCalibrate/cpp/cmake-build-debug/CMakeFiles/CMakeTmp

Run Build Command(s):/usr/bin/make cmTC_83ce4/fast 
/usr/bin/make -f CMakeFiles/cmTC_83ce4.dir/build.make CMakeFiles/cmTC_83ce4.dir/build
make[1]: Entering directory '/home/mingkon/Desktop/colourCalibrate/cpp/cmake-build-debug/CMakeFiles/CMakeTmp'
Building C object CMakeFiles/cmTC_83ce4.dir/CheckSymbolExists.c.o
/usr/bin/cc   -fPIC    -o CMakeFiles/cmTC_83ce4.dir/CheckSymbolExists.c.o   -c /home/mingkon/Desktop/colourCalibrate/cpp/cmake-build-debug/CMakeFiles/CMakeTmp/CheckSymbolExists.c
Linking C executable cmTC_83ce4
/home/mingkon/.local/share/JetBrains/Toolbox/apps/CLion/ch-0/192.5728.100/bin/cmake/linux/bin/cmake -E cmake_link_script CMakeFiles/cmTC_83ce4.dir/link.txt --verbose=1
/usr/bin/cc -fPIC     CMakeFiles/cmTC_83ce4.dir/CheckSymbolExists.c.o  -o cmTC_83ce4 
/usr/bin/ld: CMakeFiles/cmTC_83ce4.dir/CheckSymbolExists.c.o: in function `main':
CheckSymbolExists.c:(.text+0x1f): undefined reference to `pthread_create'
collect2: error: ld returned 1 exit status
make[1]: *** [CMakeFiles/cmTC_83ce4.dir/build.make:87: cmTC_83ce4] Error 1
make[1]: Leaving directory '/home/mingkon/Desktop/colourCalibrate/cpp/cmake-build-debug/CMakeFiles/CMakeTmp'
make: *** [Makefile:121: cmTC_83ce4/fast] Error 2

File /home/mingkon/Desktop/colourCalibrate/cpp/cmake-build-debug/CMakeFiles/CMakeTmp/CheckSymbolExists.c:
/* */
#include <pthread.h>

int main(int argc, char** argv)
{
  (void)argv;
#ifndef pthread_create
  return ((int*)(&pthread_create))[argc];
#else
  (void)argc;
  return 0;
#endif
}

Determining if the function pthread_create exists in the pthreads failed with the following output:
Change Dir: /home/mingkon/Desktop/colourCalibrate/cpp/cmake-build-debug/CMakeFiles/CMakeTmp

Run Build Command(s):/usr/bin/make cmTC_16855/fast 
/usr/bin/make -f CMakeFiles/cmTC_16855.dir/build.make CMakeFiles/cmTC_16855.dir/build
make[1]: Entering directory '/home/mingkon/Desktop/colourCalibrate/cpp/cmake-build-debug/CMakeFiles/CMakeTmp'
Building C object CMakeFiles/cmTC_16855.dir/CheckFunctionExists.c.o
/usr/bin/cc   -fPIC -DCHECK_FUNCTION_EXISTS=pthread_create   -o CMakeFiles/cmTC_16855.dir/CheckFunctionExists.c.o   -c /home/mingkon/.local/share/JetBrains/Toolbox/apps/CLion/ch-0/192.5728.100/bin/cmake/linux/share/cmake-3.14/Modules/CheckFunctionExists.c
Linking C executable cmTC_16855
/home/mingkon/.local/share/JetBrains/Toolbox/apps/CLion/ch-0/192.5728.100/bin/cmake/linux/bin/cmake -E cmake_link_script CMakeFiles/cmTC_16855.dir/link.txt --verbose=1
/usr/bin/cc -fPIC -DCHECK_FUNCTION_EXISTS=pthread_create    CMakeFiles/cmTC_16855.dir/CheckFunctionExists.c.o  -o cmTC_16855 -lpthreads 
/usr/bin/ld: cannot find -lpthreads
collect2: error: ld returned 1 exit status
make[1]: *** [CMakeFiles/cmTC_16855.dir/build.make:87: cmTC_16855] Error 1
make[1]: Leaving directory '/home/mingkon/Desktop/colourCalibrate/cpp/cmake-build-debug/CMakeFiles/CMakeTmp'
make: *** [Makefile:121: cmTC_16855/fast] Error 2


